<?xml version="1.0" encoding="UTF-8"?>
<testng-results skipped="0" failed="0" ignored="0" total="1" passed="1">
  <reporter-output>
  </reporter-output>
  <suite name="Default suite" duration-ms="20753" started-at="2019-09-04T10:47:19Z" finished-at="2019-09-04T10:47:40Z">
    <groups>
    </groups>
    <test name="Default test" duration-ms="20753" started-at="2019-09-04T10:47:19Z" finished-at="2019-09-04T10:47:40Z">
      <class name="com.Multi_Browser_Cross_Browser_testing_in_TestNG.CrossBrowserScript">
        <test-method status="PASS" signature="beforeTest(java.lang.String)[pri:0, instance:com.Multi_Browser_Cross_Browser_testing_in_TestNG.CrossBrowserScript@68c4039c]" name="beforeTest" is-config="true" duration-ms="9274" started-at="2019-09-04T10:47:19Z" finished-at="2019-09-04T10:47:28Z">
          <params>
            <param index="0">
              <value>
                <![CDATA[firefox]]>
              </value>
            </param>
          </params>
          <reporter-output>
          </reporter-output>
        </test-method> <!-- beforeTest -->
        <test-method status="PASS" signature="Test1()[pri:0, instance:com.Multi_Browser_Cross_Browser_testing_in_TestNG.CrossBrowserScript@68c4039c]" name="Test1" duration-ms="4516" started-at="2019-09-04T10:47:28Z" finished-at="2019-09-04T10:47:33Z">
          <reporter-output>
          </reporter-output>
        </test-method> <!-- Test1 -->
        <test-method status="PASS" signature="afterTest()[pri:0, instance:com.Multi_Browser_Cross_Browser_testing_in_TestNG.CrossBrowserScript@68c4039c]" name="afterTest" is-config="true" duration-ms="6913" started-at="2019-09-04T10:47:33Z" finished-at="2019-09-04T10:47:40Z">
          <reporter-output>
          </reporter-output>
        </test-method> <!-- afterTest -->
      </class> <!-- com.Multi_Browser_Cross_Browser_testing_in_TestNG.CrossBrowserScript -->
    </test> <!-- Default test -->
  </suite> <!-- Default suite -->
</testng-results>
